[    1298ms] [WARNING] Error while trying to use the following icon from the Manifest: https://x.yupoo.com/public/icons/logo@192.png (Download error or resource isn't a valid image) @ https://x.yupoo.com/photos/zws767978887/albums/189662869?uid=1&isSubCate=false&referrercate=3382375&tab=nor:0
[    2121ms] [WARNING] <meta name="apple-mobile-web-app-capable" content="yes"> is deprecated. Please include <meta name="mobile-web-app-capable" content="yes"> @ https://x.yupoo.com/photos/zws767978887/albums/189662869?uid=1&isSubCate=false&referrercate=3382375&tab=nor:0
[   30508ms] [WARNING] <meta name="apple-mobile-web-app-capable" content="yes"> is deprecated. Please include <meta name="mobile-web-app-capable" content="yes"> @ https://x.yupoo.com/photos/zws767978887/albums/189662854?uid=1&isSubCate=false&referrercate=3382375&tab=nor:0
[   68969ms] [WARNING] <meta name="apple-mobile-web-app-capable" content="yes"> is deprecated. Please include <meta name="mobile-web-app-capable" content="yes"> @ https://x.yupoo.com/photos/zws767978887/albums/189662839?uid=1&isSubCate=false&referrercate=3382375&tab=nor:0
[   97684ms] [WARNING] <meta name="apple-mobile-web-app-capable" content="yes"> is deprecated. Please include <meta name="mobile-web-app-capable" content="yes"> @ https://x.yupoo.com/photos/zws767978887/albums/189662820?uid=1&isSubCate=false&referrercate=3382375&tab=nor:0
[  125646ms] [WARNING] <meta name="apple-mobile-web-app-capable" content="yes"> is deprecated. Please include <meta name="mobile-web-app-capable" content="yes"> @ https://x.yupoo.com/photos/zws767978887/albums/189662803?uid=1&isSubCate=false&referrercate=3382375&tab=nor:0
[  164757ms] [WARNING] <meta name="apple-mobile-web-app-capable" content="yes"> is deprecated. Please include <meta name="mobile-web-app-capable" content="yes"> @ https://x.yupoo.com/photos/zws767978887/albums/189662792?uid=1&isSubCate=false&referrercate=3382375&tab=nor:0
[  192364ms] [WARNING] <meta name="apple-mobile-web-app-capable" content="yes"> is deprecated. Please include <meta name="mobile-web-app-capable" content="yes"> @ https://x.yupoo.com/photos/zws767978887/albums/189662759?uid=1&isSubCate=false&referrercate=3382375&tab=nor:0
[  220886ms] [WARNING] <meta name="apple-mobile-web-app-capable" content="yes"> is deprecated. Please include <meta name="mobile-web-app-capable" content="yes"> @ https://x.yupoo.com/photos/zws767978887/albums/189662748?uid=1&isSubCate=false&referrercate=3382375&tab=nor:0
[  259753ms] [WARNING] <meta name="apple-mobile-web-app-capable" content="yes"> is deprecated. Please include <meta name="mobile-web-app-capable" content="yes"> @ https://x.yupoo.com/photos/zws767978887/albums/189662724?uid=1&isSubCate=false&referrercate=3382375&tab=nor:0
[  287852ms] [WARNING] <meta name="apple-mobile-web-app-capable" content="yes"> is deprecated. Please include <meta name="mobile-web-app-capable" content="yes"> @ https://x.yupoo.com/photos/zws767978887/albums/189662710?uid=1&isSubCate=false&referrercate=3382375&tab=nor:0
[  316055ms] [WARNING] <meta name="apple-mobile-web-app-capable" content="yes"> is deprecated. Please include <meta name="mobile-web-app-capable" content="yes"> @ https://x.yupoo.com/photos/zws767978887/albums/189662694?uid=1&isSubCate=false&referrercate=3382375&tab=nor:0
[  359654ms] [WARNING] <meta name="apple-mobile-web-app-capable" content="yes"> is deprecated. Please include <meta name="mobile-web-app-capable" content="yes"> @ https://x.yupoo.com/photos/zws767978887/albums/189662680?uid=1&isSubCate=false&referrercate=3382375&tab=nor:0
[  416712ms] [WARNING] <meta name="apple-mobile-web-app-capable" content="yes"> is deprecated. Please include <meta name="mobile-web-app-capable" content="yes"> @ https://x.yupoo.com/photos/zws767978887/albums/189662637?uid=1&isSubCate=false&referrercate=3382375&tab=nor:0
[  455170ms] [WARNING] <meta name="apple-mobile-web-app-capable" content="yes"> is deprecated. Please include <meta name="mobile-web-app-capable" content="yes"> @ https://x.yupoo.com/photos/zws767978887/albums/189662624?uid=1&isSubCate=false&referrercate=3382375&tab=nor:0
[  483207ms] [WARNING] <meta name="apple-mobile-web-app-capable" content="yes"> is deprecated. Please include <meta name="mobile-web-app-capable" content="yes"> @ https://x.yupoo.com/photos/zws767978887/albums/189662607?uid=1&isSubCate=false&referrercate=3382375&tab=nor:0
[  512207ms] [WARNING] <meta name="apple-mobile-web-app-capable" content="yes"> is deprecated. Please include <meta name="mobile-web-app-capable" content="yes"> @ https://x.yupoo.com/photos/zws767978887/albums/189662589?uid=1&isSubCate=false&referrercate=3382375&tab=nor:0
[  551347ms] [WARNING] <meta name="apple-mobile-web-app-capable" content="yes"> is deprecated. Please include <meta name="mobile-web-app-capable" content="yes"> @ https://x.yupoo.com/photos/zws767978887/albums/189662576?uid=1&isSubCate=false&referrercate=3382375&tab=nor:0
[  580293ms] [WARNING] <meta name="apple-mobile-web-app-capable" content="yes"> is deprecated. Please include <meta name="mobile-web-app-capable" content="yes"> @ https://x.yupoo.com/photos/zws767978887/albums/189662558?uid=1&isSubCate=false&referrercate=3382375&tab=nor:0
[  608491ms] [WARNING] <meta name="apple-mobile-web-app-capable" content="yes"> is deprecated. Please include <meta name="mobile-web-app-capable" content="yes"> @ https://x.yupoo.com/photos/zws767978887/albums/189662541?uid=1&isSubCate=false&referrercate=3382375&tab=nor:0
[  646336ms] [WARNING] <meta name="apple-mobile-web-app-capable" content="yes"> is deprecated. Please include <meta name="mobile-web-app-capable" content="yes"> @ https://x.yupoo.com/photos/zws767978887/albums/189662526?uid=1&isSubCate=false&referrercate=3382375&tab=nor:0
[  674655ms] [WARNING] <meta name="apple-mobile-web-app-capable" content="yes"> is deprecated. Please include <meta name="mobile-web-app-capable" content="yes"> @ https://x.yupoo.com/photos/zws767978887/albums/189662508?uid=1&isSubCate=false&referrercate=3382375&tab=nor:0
[  702866ms] [WARNING] <meta name="apple-mobile-web-app-capable" content="yes"> is deprecated. Please include <meta name="mobile-web-app-capable" content="yes"> @ https://x.yupoo.com/photos/zws767978887/albums/189662487?uid=1&isSubCate=false&referrercate=3382375&tab=nor:0
[  741089ms] [WARNING] <meta name="apple-mobile-web-app-capable" content="yes"> is deprecated. Please include <meta name="mobile-web-app-capable" content="yes"> @ https://x.yupoo.com/photos/zws767978887/albums/189662475?uid=1&isSubCate=false&referrercate=3382375&tab=nor:0
[  770197ms] [WARNING] <meta name="apple-mobile-web-app-capable" content="yes"> is deprecated. Please include <meta name="mobile-web-app-capable" content="yes"> @ https://x.yupoo.com/photos/zws767978887/albums/189662458?uid=1&isSubCate=false&referrercate=3382375&tab=nor:0
[  798436ms] [WARNING] <meta name="apple-mobile-web-app-capable" content="yes"> is deprecated. Please include <meta name="mobile-web-app-capable" content="yes"> @ https://x.yupoo.com/photos/zws767978887/albums/189662446?uid=1&isSubCate=false&referrercate=3382375&tab=nor:0
[  837117ms] [WARNING] <meta name="apple-mobile-web-app-capable" content="yes"> is deprecated. Please include <meta name="mobile-web-app-capable" content="yes"> @ https://x.yupoo.com/photos/zws767978887/albums/189662431?uid=1&isSubCate=false&referrercate=3382375&tab=nor:0
[  865497ms] [WARNING] <meta name="apple-mobile-web-app-capable" content="yes"> is deprecated. Please include <meta name="mobile-web-app-capable" content="yes"> @ https://x.yupoo.com/photos/zws767978887/albums/189662416?uid=1&isSubCate=false&referrercate=3382375&tab=nor:0
[  893741ms] [WARNING] <meta name="apple-mobile-web-app-capable" content="yes"> is deprecated. Please include <meta name="mobile-web-app-capable" content="yes"> @ https://x.yupoo.com/photos/zws767978887/albums/189662350?uid=1&isSubCate=false&referrercate=3382375&tab=nor:0
[  939699ms] [WARNING] <meta name="apple-mobile-web-app-capable" content="yes"> is deprecated. Please include <meta name="mobile-web-app-capable" content="yes"> @ https://x.yupoo.com/photos/zws767978887/albums/189662320?uid=1&isSubCate=false&referrercate=3382375&tab=nor:0
[  967972ms] [WARNING] <meta name="apple-mobile-web-app-capable" content="yes"> is deprecated. Please include <meta name="mobile-web-app-capable" content="yes"> @ https://x.yupoo.com/photos/zws767978887/albums/189663263?uid=1&isSubCate=false&referrercate=3382375&tab=nor:0
[  996738ms] [WARNING] <meta name="apple-mobile-web-app-capable" content="yes"> is deprecated. Please include <meta name="mobile-web-app-capable" content="yes"> @ https://x.yupoo.com/photos/zws767978887/albums/189663247?uid=1&isSubCate=false&referrercate=3382375&tab=nor:0
[ 1035732ms] [WARNING] <meta name="apple-mobile-web-app-capable" content="yes"> is deprecated. Please include <meta name="mobile-web-app-capable" content="yes"> @ https://x.yupoo.com/photos/zws767978887/albums/189663233?uid=1&isSubCate=false&referrercate=3382375&tab=nor:0
[ 1064150ms] [WARNING] <meta name="apple-mobile-web-app-capable" content="yes"> is deprecated. Please include <meta name="mobile-web-app-capable" content="yes"> @ https://x.yupoo.com/photos/zws767978887/albums/189663209?uid=1&isSubCate=false&referrercate=3382375&tab=nor:0
[ 1156113ms] [WARNING] <meta name="apple-mobile-web-app-capable" content="yes"> is deprecated. Please include <meta name="mobile-web-app-capable" content="yes"> @ https://x.yupoo.com/photos/zws767978887/albums/189663017?uid=1&isSubCate=false&referrercate=3382375&tab=nor:0
[ 1191000ms] [WARNING] <meta name="apple-mobile-web-app-capable" content="yes"> is deprecated. Please include <meta name="mobile-web-app-capable" content="yes"> @ https://x.yupoo.com/photos/zws767978887/albums/189663017?uid=1&isSubCate=false&referrercate=3382375&tab=nor:0
[ 1218050ms] [WARNING] <meta name="apple-mobile-web-app-capable" content="yes"> is deprecated. Please include <meta name="mobile-web-app-capable" content="yes"> @ https://x.yupoo.com/photos/zws767978887/albums/189663005?uid=1&isSubCate=false&referrercate=3382375&tab=nor:0
[ 1246602ms] [WARNING] <meta name="apple-mobile-web-app-capable" content="yes"> is deprecated. Please include <meta name="mobile-web-app-capable" content="yes"> @ https://x.yupoo.com/photos/zws767978887/albums/189662994?uid=1&isSubCate=false&referrercate=3382375&tab=nor:0
[ 1286499ms] [WARNING] <meta name="apple-mobile-web-app-capable" content="yes"> is deprecated. Please include <meta name="mobile-web-app-capable" content="yes"> @ https://x.yupoo.com/photos/zws767978887/albums/189662981?uid=1&isSubCate=false&referrercate=3382375&tab=nor:0
[ 1314674ms] [WARNING] <meta name="apple-mobile-web-app-capable" content="yes"> is deprecated. Please include <meta name="mobile-web-app-capable" content="yes"> @ https://x.yupoo.com/photos/zws767978887/albums/189662968?uid=1&isSubCate=false&referrercate=3382375&tab=nor:0
[ 1343006ms] [WARNING] <meta name="apple-mobile-web-app-capable" content="yes"> is deprecated. Please include <meta name="mobile-web-app-capable" content="yes"> @ https://x.yupoo.com/photos/zws767978887/albums/189662953?uid=1&isSubCate=false&referrercate=3382375&tab=nor:0
[ 1380384ms] [WARNING] <meta name="apple-mobile-web-app-capable" content="yes"> is deprecated. Please include <meta name="mobile-web-app-capable" content="yes"> @ https://x.yupoo.com/photos/zws767978887/albums/189662944?uid=1&isSubCate=false&referrercate=3382375&tab=nor:0
[ 1408211ms] [WARNING] <meta name="apple-mobile-web-app-capable" content="yes"> is deprecated. Please include <meta name="mobile-web-app-capable" content="yes"> @ https://x.yupoo.com/photos/zws767978887/albums/189662931?uid=1&isSubCate=false&referrercate=3382375&tab=nor:0
[ 1436933ms] [WARNING] <meta name="apple-mobile-web-app-capable" content="yes"> is deprecated. Please include <meta name="mobile-web-app-capable" content="yes"> @ https://x.yupoo.com/photos/zws767978887/albums/189662919?uid=1&isSubCate=false&referrercate=3382375&tab=nor:0
[ 1474633ms] [WARNING] <meta name="apple-mobile-web-app-capable" content="yes"> is deprecated. Please include <meta name="mobile-web-app-capable" content="yes"> @ https://x.yupoo.com/photos/zws767978887/albums/189662895?uid=1&isSubCate=false&referrercate=3382375&tab=nor:0
[ 1503446ms] [WARNING] <meta name="apple-mobile-web-app-capable" content="yes"> is deprecated. Please include <meta name="mobile-web-app-capable" content="yes"> @ https://x.yupoo.com/photos/zws767978887/albums/189662869?uid=1&isSubCate=false&referrercate=3382375&tab=nor:0
[ 1532100ms] [WARNING] <meta name="apple-mobile-web-app-capable" content="yes"> is deprecated. Please include <meta name="mobile-web-app-capable" content="yes"> @ https://x.yupoo.com/photos/zws767978887/albums/189662854?uid=1&isSubCate=false&referrercate=3382375&tab=nor:0
[ 1570028ms] [WARNING] <meta name="apple-mobile-web-app-capable" content="yes"> is deprecated. Please include <meta name="mobile-web-app-capable" content="yes"> @ https://x.yupoo.com/photos/zws767978887/albums/189662839?uid=1&isSubCate=false&referrercate=3382375&tab=nor:0
[ 1598134ms] [WARNING] <meta name="apple-mobile-web-app-capable" content="yes"> is deprecated. Please include <meta name="mobile-web-app-capable" content="yes"> @ https://x.yupoo.com/photos/zws767978887/albums/189662820?uid=1&isSubCate=false&referrercate=3382375&tab=nor:0
[ 1626325ms] [WARNING] <meta name="apple-mobile-web-app-capable" content="yes"> is deprecated. Please include <meta name="mobile-web-app-capable" content="yes"> @ https://x.yupoo.com/photos/zws767978887/albums/189662803?uid=1&isSubCate=false&referrercate=3382375&tab=nor:0
[ 1665175ms] [WARNING] <meta name="apple-mobile-web-app-capable" content="yes"> is deprecated. Please include <meta name="mobile-web-app-capable" content="yes"> @ https://x.yupoo.com/photos/zws767978887/albums/189662792?uid=1&isSubCate=false&referrercate=3382375&tab=nor:0
[ 1693239ms] [WARNING] <meta name="apple-mobile-web-app-capable" content="yes"> is deprecated. Please include <meta name="mobile-web-app-capable" content="yes"> @ https://x.yupoo.com/photos/zws767978887/albums/189662759?uid=1&isSubCate=false&referrercate=3382375&tab=nor:0
[ 1721651ms] [WARNING] <meta name="apple-mobile-web-app-capable" content="yes"> is deprecated. Please include <meta name="mobile-web-app-capable" content="yes"> @ https://x.yupoo.com/photos/zws767978887/albums/189662748?uid=1&isSubCate=false&referrercate=3382375&tab=nor:0
[ 1759318ms] [WARNING] <meta name="apple-mobile-web-app-capable" content="yes"> is deprecated. Please include <meta name="mobile-web-app-capable" content="yes"> @ https://x.yupoo.com/photos/zws767978887/albums/189662724?uid=1&isSubCate=false&referrercate=3382375&tab=nor:0
[ 1788052ms] [WARNING] <meta name="apple-mobile-web-app-capable" content="yes"> is deprecated. Please include <meta name="mobile-web-app-capable" content="yes"> @ https://x.yupoo.com/photos/zws767978887/albums/189662710?uid=1&isSubCate=false&referrercate=3382375&tab=nor:0
[ 1816617ms] [WARNING] <meta name="apple-mobile-web-app-capable" content="yes"> is deprecated. Please include <meta name="mobile-web-app-capable" content="yes"> @ https://x.yupoo.com/photos/zws767978887/albums/189662694?uid=1&isSubCate=false&referrercate=3382375&tab=nor:0
[ 1854565ms] [WARNING] <meta name="apple-mobile-web-app-capable" content="yes"> is deprecated. Please include <meta name="mobile-web-app-capable" content="yes"> @ https://x.yupoo.com/photos/zws767978887/albums/189662680?uid=1&isSubCate=false&referrercate=3382375&tab=nor:0
[ 1883032ms] [WARNING] <meta name="apple-mobile-web-app-capable" content="yes"> is deprecated. Please include <meta name="mobile-web-app-capable" content="yes"> @ https://x.yupoo.com/photos/zws767978887/albums/189662664?uid=1&isSubCate=false&referrercate=3382375&tab=nor:0
[ 1911472ms] [WARNING] <meta name="apple-mobile-web-app-capable" content="yes"> is deprecated. Please include <meta name="mobile-web-app-capable" content="yes"> @ https://x.yupoo.com/photos/zws767978887/albums/189662637?uid=1&isSubCate=false&referrercate=3382375&tab=nor:0
[ 1949183ms] [WARNING] <meta name="apple-mobile-web-app-capable" content="yes"> is deprecated. Please include <meta name="mobile-web-app-capable" content="yes"> @ https://x.yupoo.com/photos/zws767978887/albums/189662624?uid=1&isSubCate=false&referrercate=3382375&tab=nor:0
[ 1977286ms] [WARNING] <meta name="apple-mobile-web-app-capable" content="yes"> is deprecated. Please include <meta name="mobile-web-app-capable" content="yes"> @ https://x.yupoo.com/photos/zws767978887/albums/189662607?uid=1&isSubCate=false&referrercate=3382375&tab=nor:0
[ 2005292ms] [WARNING] <meta name="apple-mobile-web-app-capable" content="yes"> is deprecated. Please include <meta name="mobile-web-app-capable" content="yes"> @ https://x.yupoo.com/photos/zws767978887/albums/189662589?uid=1&isSubCate=false&referrercate=3382375&tab=nor:0
[ 2044029ms] [WARNING] <meta name="apple-mobile-web-app-capable" content="yes"> is deprecated. Please include <meta name="mobile-web-app-capable" content="yes"> @ https://x.yupoo.com/photos/zws767978887/albums/189662576?uid=1&isSubCate=false&referrercate=3382375&tab=nor:0
[ 2071336ms] [WARNING] <meta name="apple-mobile-web-app-capable" content="yes"> is deprecated. Please include <meta name="mobile-web-app-capable" content="yes"> @ https://x.yupoo.com/photos/zws767978887/albums/189662558?uid=1&isSubCate=false&referrercate=3382375&tab=nor:0
[ 2100098ms] [WARNING] <meta name="apple-mobile-web-app-capable" content="yes"> is deprecated. Please include <meta name="mobile-web-app-capable" content="yes"> @ https://x.yupoo.com/photos/zws767978887/albums/189662541?uid=1&isSubCate=false&referrercate=3382375&tab=nor:0
[ 2137565ms] [WARNING] <meta name="apple-mobile-web-app-capable" content="yes"> is deprecated. Please include <meta name="mobile-web-app-capable" content="yes"> @ https://x.yupoo.com/photos/zws767978887/albums/189662526?uid=1&isSubCate=false&referrercate=3382375&tab=nor:0
[ 2165026ms] [WARNING] <meta name="apple-mobile-web-app-capable" content="yes"> is deprecated. Please include <meta name="mobile-web-app-capable" content="yes"> @ https://x.yupoo.com/photos/zws767978887/albums/189662508?uid=1&isSubCate=false&referrercate=3382375&tab=nor:0
[ 2193446ms] [WARNING] <meta name="apple-mobile-web-app-capable" content="yes"> is deprecated. Please include <meta name="mobile-web-app-capable" content="yes"> @ https://x.yupoo.com/photos/zws767978887/albums/189662487?uid=1&isSubCate=false&referrercate=3382375&tab=nor:0
[ 2230601ms] [WARNING] <meta name="apple-mobile-web-app-capable" content="yes"> is deprecated. Please include <meta name="mobile-web-app-capable" content="yes"> @ https://x.yupoo.com/photos/zws767978887/albums/189662475?uid=1&isSubCate=false&referrercate=3382375&tab=nor:0
[ 2259199ms] [WARNING] <meta name="apple-mobile-web-app-capable" content="yes"> is deprecated. Please include <meta name="mobile-web-app-capable" content="yes"> @ https://x.yupoo.com/photos/zws767978887/albums/189662458?uid=1&isSubCate=false&referrercate=3382375&tab=nor:0
[ 2287517ms] [WARNING] <meta name="apple-mobile-web-app-capable" content="yes"> is deprecated. Please include <meta name="mobile-web-app-capable" content="yes"> @ https://x.yupoo.com/photos/zws767978887/albums/189662446?uid=1&isSubCate=false&referrercate=3382375&tab=nor:0
[ 2324669ms] [WARNING] <meta name="apple-mobile-web-app-capable" content="yes"> is deprecated. Please include <meta name="mobile-web-app-capable" content="yes"> @ https://x.yupoo.com/photos/zws767978887/albums/189662431?uid=1&isSubCate=false&referrercate=3382375&tab=nor:0
[ 2352282ms] [WARNING] <meta name="apple-mobile-web-app-capable" content="yes"> is deprecated. Please include <meta name="mobile-web-app-capable" content="yes"> @ https://x.yupoo.com/photos/zws767978887/albums/189662416?uid=1&isSubCate=false&referrercate=3382375&tab=nor:0
[ 2380595ms] [WARNING] <meta name="apple-mobile-web-app-capable" content="yes"> is deprecated. Please include <meta name="mobile-web-app-capable" content="yes"> @ https://x.yupoo.com/photos/zws767978887/albums/189662350?uid=1&isSubCate=false&referrercate=3382375&tab=nor:0
[ 2419547ms] [WARNING] <meta name="apple-mobile-web-app-capable" content="yes"> is deprecated. Please include <meta name="mobile-web-app-capable" content="yes"> @ https://x.yupoo.com/photos/zws767978887/albums/189662320?uid=1&isSubCate=false&referrercate=3382375&tab=nor:0
[ 2448119ms] [WARNING] <meta name="apple-mobile-web-app-capable" content="yes"> is deprecated. Please include <meta name="mobile-web-app-capable" content="yes"> @ https://x.yupoo.com/photos/zws767978887/albums/189663263?uid=1&isSubCate=false&referrercate=3382375&tab=nor:0
[ 2530274ms] [WARNING] <meta name="apple-mobile-web-app-capable" content="yes"> is deprecated. Please include <meta name="mobile-web-app-capable" content="yes"> @ https://x.yupoo.com/photos/zws767978887/albums/189663017?uid=1&isSubCate=false&referrercate=3382375&tab=nor:0
[ 2558776ms] [WARNING] <meta name="apple-mobile-web-app-capable" content="yes"> is deprecated. Please include <meta name="mobile-web-app-capable" content="yes"> @ https://x.yupoo.com/photos/zws767978887/albums/189663005?uid=1&isSubCate=false&referrercate=3382375&tab=nor:0
[ 2586782ms] [WARNING] <meta name="apple-mobile-web-app-capable" content="yes"> is deprecated. Please include <meta name="mobile-web-app-capable" content="yes"> @ https://x.yupoo.com/photos/zws767978887/albums/189662994?uid=1&isSubCate=false&referrercate=3382375&tab=nor:0
[ 2625236ms] [WARNING] <meta name="apple-mobile-web-app-capable" content="yes"> is deprecated. Please include <meta name="mobile-web-app-capable" content="yes"> @ https://x.yupoo.com/photos/zws767978887/albums/189663247?uid=1&isSubCate=false&referrercate=3382375&tab=nor:0
[ 2652685ms] [WARNING] <meta name="apple-mobile-web-app-capable" content="yes"> is deprecated. Please include <meta name="mobile-web-app-capable" content="yes"> @ https://x.yupoo.com/photos/zws767978887/albums/189663233?uid=1&isSubCate=false&referrercate=3382375&tab=nor:0
[ 2681621ms] [WARNING] <meta name="apple-mobile-web-app-capable" content="yes"> is deprecated. Please include <meta name="mobile-web-app-capable" content="yes"> @ https://x.yupoo.com/photos/zws767978887/albums/189663209?uid=1&isSubCate=false&referrercate=3382375&tab=nor:0
