[    1514ms] [WARNING] <meta name="apple-mobile-web-app-capable" content="yes"> is deprecated. Please include <meta name="mobile-web-app-capable" content="yes"> @ https://x.yupoo.com/photos/zws767978887/categories/3382375:0
[   76399ms] [ERROR] Access to fetch at 'https://photo.yupoo.com/zws767978887/c90c1b38/big.jpeg' from origin 'https://x.yupoo.com' has been blocked by CORS policy: No 'Access-Control-Allow-Origin' header is present on the requested resource. @ https://x.yupoo.com/photos/zws767978887/categories/3382375:0
[   76399ms] [ERROR] Failed to load resource: net::ERR_FAILED @ https://photo.yupoo.com/zws767978887/c90c1b38/big.jpeg:0
[   96437ms] [WARNING] <meta name="apple-mobile-web-app-capable" content="yes"> is deprecated. Please include <meta name="mobile-web-app-capable" content="yes"> @ https://x.yupoo.com/photos/zws767978887/albums/189663195?uid=1&isSubCate=false&referrercate=3382375&tab=max:0
[  160925ms] [WARNING] <meta name="apple-mobile-web-app-capable" content="yes"> is deprecated. Please include <meta name="mobile-web-app-capable" content="yes"> @ https://x.yupoo.com/photos/zws767978887/albums/189663195?uid=1&isSubCate=false&referrercate=3382375&tab=max:0
[  195310ms] [WARNING] <meta name="apple-mobile-web-app-capable" content="yes"> is deprecated. Please include <meta name="mobile-web-app-capable" content="yes"> @ https://x.yupoo.com/photos/zws767978887/albums/189663179?uid=1&isSubCate=false&referrercate=3382375&tab=max:0
[  199734ms] [WARNING] <meta name="apple-mobile-web-app-capable" content="yes"> is deprecated. Please include <meta name="mobile-web-app-capable" content="yes"> @ https://x.yupoo.com/photos/zws767978887/albums/189663164?uid=1&isSubCate=false&referrercate=3382375&tab=max:0
[  203683ms] [WARNING] <meta name="apple-mobile-web-app-capable" content="yes"> is deprecated. Please include <meta name="mobile-web-app-capable" content="yes"> @ https://x.yupoo.com/photos/zws767978887/albums/189663146?uid=1&isSubCate=false&referrercate=3382375&tab=max:0
[  208366ms] [WARNING] <meta name="apple-mobile-web-app-capable" content="yes"> is deprecated. Please include <meta name="mobile-web-app-capable" content="yes"> @ https://x.yupoo.com/photos/zws767978887/albums/189663129?uid=1&isSubCate=false&referrercate=3382375&tab=max:0
[  212301ms] [WARNING] <meta name="apple-mobile-web-app-capable" content="yes"> is deprecated. Please include <meta name="mobile-web-app-capable" content="yes"> @ https://x.yupoo.com/photos/zws767978887/albums/189663114?uid=1&isSubCate=false&referrercate=3382375&tab=max:0
[  217242ms] [WARNING] <meta name="apple-mobile-web-app-capable" content="yes"> is deprecated. Please include <meta name="mobile-web-app-capable" content="yes"> @ https://x.yupoo.com/photos/zws767978887/albums/189663102?uid=1&isSubCate=false&referrercate=3382375&tab=max:0
[  248740ms] [WARNING] <meta name="apple-mobile-web-app-capable" content="yes"> is deprecated. Please include <meta name="mobile-web-app-capable" content="yes"> @ https://x.yupoo.com/photos/zws767978887/albums/189663072?uid=1&isSubCate=false&referrercate=3382375&tab=max:0
[  253717ms] [WARNING] <meta name="apple-mobile-web-app-capable" content="yes"> is deprecated. Please include <meta name="mobile-web-app-capable" content="yes"> @ https://x.yupoo.com/photos/zws767978887/albums/189663063?uid=1&isSubCate=false&referrercate=3382375&tab=max:0
[  257585ms] [WARNING] <meta name="apple-mobile-web-app-capable" content="yes"> is deprecated. Please include <meta name="mobile-web-app-capable" content="yes"> @ https://x.yupoo.com/photos/zws767978887/albums/189663052?uid=1&isSubCate=false&referrercate=3382375&tab=max:0
[  261552ms] [WARNING] <meta name="apple-mobile-web-app-capable" content="yes"> is deprecated. Please include <meta name="mobile-web-app-capable" content="yes"> @ https://x.yupoo.com/photos/zws767978887/albums/189663042?uid=1&isSubCate=false&referrercate=3382375&tab=max:0
[  266536ms] [WARNING] <meta name="apple-mobile-web-app-capable" content="yes"> is deprecated. Please include <meta name="mobile-web-app-capable" content="yes"> @ https://x.yupoo.com/photos/zws767978887/albums/189663029?uid=1&isSubCate=false&referrercate=3382375&tab=max:0
[ 1351657ms] [WARNING] <meta name="apple-mobile-web-app-capable" content="yes"> is deprecated. Please include <meta name="mobile-web-app-capable" content="yes"> @ https://x.yupoo.com/photos/zws767978887/albums/189663195?uid=1&isSubCate=false&referrercate=3382375&tab=max:0
[ 1372649ms] [WARNING] <meta name="apple-mobile-web-app-capable" content="yes"> is deprecated. Please include <meta name="mobile-web-app-capable" content="yes"> @ https://x.yupoo.com/photos/zws767978887/albums/189663195?uid=1&isSubCate=false&referrercate=3382375&tab=nor:0
[ 1397348ms] [WARNING] <meta name="apple-mobile-web-app-capable" content="yes"> is deprecated. Please include <meta name="mobile-web-app-capable" content="yes"> @ https://x.yupoo.com/photos/zws767978887/albums/189663195?uid=1&isSubCate=false&referrercate=3382375&tab=max:0
[ 1436363ms] [WARNING] <meta name="apple-mobile-web-app-capable" content="yes"> is deprecated. Please include <meta name="mobile-web-app-capable" content="yes"> @ https://x.yupoo.com/photos/zws767978887/albums/189663179?uid=1&isSubCate=false&referrercate=3382375&tab=max:0
[ 1447472ms] [WARNING] <meta name="apple-mobile-web-app-capable" content="yes"> is deprecated. Please include <meta name="mobile-web-app-capable" content="yes"> @ https://x.yupoo.com/photos/zws767978887/albums/189663164?uid=1&isSubCate=false&referrercate=3382375&tab=max:0
[ 1458159ms] [WARNING] <meta name="apple-mobile-web-app-capable" content="yes"> is deprecated. Please include <meta name="mobile-web-app-capable" content="yes"> @ https://x.yupoo.com/photos/zws767978887/albums/189663146?uid=1&isSubCate=false&referrercate=3382375&tab=max:0
[ 1468408ms] [WARNING] <meta name="apple-mobile-web-app-capable" content="yes"> is deprecated. Please include <meta name="mobile-web-app-capable" content="yes"> @ https://x.yupoo.com/photos/zws767978887/albums/189663129?uid=1&isSubCate=false&referrercate=3382375&tab=max:0
[ 1497584ms] [WARNING] <meta name="apple-mobile-web-app-capable" content="yes"> is deprecated. Please include <meta name="mobile-web-app-capable" content="yes"> @ https://x.yupoo.com/photos/zws767978887/albums/189663114?uid=1&isSubCate=false&referrercate=3382375&tab=max:0
[ 1507933ms] [WARNING] <meta name="apple-mobile-web-app-capable" content="yes"> is deprecated. Please include <meta name="mobile-web-app-capable" content="yes"> @ https://x.yupoo.com/photos/zws767978887/albums/189663102?uid=1&isSubCate=false&referrercate=3382375&tab=max:0
[ 1519383ms] [WARNING] <meta name="apple-mobile-web-app-capable" content="yes"> is deprecated. Please include <meta name="mobile-web-app-capable" content="yes"> @ https://x.yupoo.com/photos/zws767978887/albums/189663072?uid=1&isSubCate=false&referrercate=3382375&tab=max:0
[ 1536537ms] [WARNING] <meta name="apple-mobile-web-app-capable" content="yes"> is deprecated. Please include <meta name="mobile-web-app-capable" content="yes"> @ https://x.yupoo.com/photos/zws767978887/albums/189663063?uid=1&isSubCate=false&referrercate=3382375&tab=max:0
[ 1561956ms] [WARNING] <meta name="apple-mobile-web-app-capable" content="yes"> is deprecated. Please include <meta name="mobile-web-app-capable" content="yes"> @ https://x.yupoo.com/photos/zws767978887/albums/189663052?uid=1&isSubCate=false&referrercate=3382375&tab=max:0
[ 1573431ms] [WARNING] <meta name="apple-mobile-web-app-capable" content="yes"> is deprecated. Please include <meta name="mobile-web-app-capable" content="yes"> @ https://x.yupoo.com/photos/zws767978887/albums/189663042?uid=1&isSubCate=false&referrercate=3382375&tab=max:0
[ 1583862ms] [WARNING] <meta name="apple-mobile-web-app-capable" content="yes"> is deprecated. Please include <meta name="mobile-web-app-capable" content="yes"> @ https://x.yupoo.com/photos/zws767978887/albums/189663029?uid=1&isSubCate=false&referrercate=3382375&tab=max:0
[ 2115453ms] [WARNING] <meta name="apple-mobile-web-app-capable" content="yes"> is deprecated. Please include <meta name="mobile-web-app-capable" content="yes"> @ https://x.yupoo.com/photos/zws767978887/albums/189663195?uid=1&isSubCate=false&referrercate=3382375&tab=nor:0
[ 2177066ms] [WARNING] <meta name="apple-mobile-web-app-capable" content="yes"> is deprecated. Please include <meta name="mobile-web-app-capable" content="yes"> @ https://x.yupoo.com/photos/zws767978887/albums/189663195?uid=1&isSubCate=false&referrercate=3382375&tab=nor:0
[ 2279954ms] [WARNING] <meta name="apple-mobile-web-app-capable" content="yes"> is deprecated. Please include <meta name="mobile-web-app-capable" content="yes"> @ https://x.yupoo.com/photos/zws767978887/albums/189663179?uid=1&isSubCate=false&referrercate=3382375&tab=nor:0
[ 2314709ms] [WARNING] <meta name="apple-mobile-web-app-capable" content="yes"> is deprecated. Please include <meta name="mobile-web-app-capable" content="yes"> @ https://x.yupoo.com/photos/zws767978887/albums/189663164?uid=1&isSubCate=false&referrercate=3382375&tab=nor:0
[ 2349298ms] [WARNING] <meta name="apple-mobile-web-app-capable" content="yes"> is deprecated. Please include <meta name="mobile-web-app-capable" content="yes"> @ https://x.yupoo.com/photos/zws767978887/albums/189663146?uid=1&isSubCate=false&referrercate=3382375&tab=nor:0
[ 2401442ms] [WARNING] <meta name="apple-mobile-web-app-capable" content="yes"> is deprecated. Please include <meta name="mobile-web-app-capable" content="yes"> @ https://x.yupoo.com/photos/zws767978887/albums/189663129?uid=1&isSubCate=false&referrercate=3382375&tab=nor:0
[ 2444338ms] [WARNING] <meta name="apple-mobile-web-app-capable" content="yes"> is deprecated. Please include <meta name="mobile-web-app-capable" content="yes"> @ https://x.yupoo.com/photos/zws767978887/albums/189663114?uid=1&isSubCate=false&referrercate=3382375&tab=nor:0
[ 2479480ms] [WARNING] <meta name="apple-mobile-web-app-capable" content="yes"> is deprecated. Please include <meta name="mobile-web-app-capable" content="yes"> @ https://x.yupoo.com/photos/zws767978887/albums/189663102?uid=1&isSubCate=false&referrercate=3382375&tab=nor:0
[ 2529943ms] [WARNING] <meta name="apple-mobile-web-app-capable" content="yes"> is deprecated. Please include <meta name="mobile-web-app-capable" content="yes"> @ https://x.yupoo.com/photos/zws767978887/albums/189663072?uid=1&isSubCate=false&referrercate=3382375&tab=nor:0
[ 2564805ms] [WARNING] <meta name="apple-mobile-web-app-capable" content="yes"> is deprecated. Please include <meta name="mobile-web-app-capable" content="yes"> @ https://x.yupoo.com/photos/zws767978887/albums/189663063?uid=1&isSubCate=false&referrercate=3382375&tab=nor:0
[ 2599900ms] [WARNING] <meta name="apple-mobile-web-app-capable" content="yes"> is deprecated. Please include <meta name="mobile-web-app-capable" content="yes"> @ https://x.yupoo.com/photos/zws767978887/albums/189663052?uid=1&isSubCate=false&referrercate=3382375&tab=nor:0
[ 2650076ms] [WARNING] <meta name="apple-mobile-web-app-capable" content="yes"> is deprecated. Please include <meta name="mobile-web-app-capable" content="yes"> @ https://x.yupoo.com/photos/zws767978887/albums/189663042?uid=1&isSubCate=false&referrercate=3382375&tab=nor:0
[ 2685873ms] [WARNING] <meta name="apple-mobile-web-app-capable" content="yes"> is deprecated. Please include <meta name="mobile-web-app-capable" content="yes"> @ https://x.yupoo.com/photos/zws767978887/albums/189663029?uid=1&isSubCate=false&referrercate=3382375&tab=nor:0
[ 2699567ms] [ERROR] Failed to load resource: the server responded with a status of 451 () @ https://photo.yupoo.com/zws767978887/194476dd/small.jpeg:0
[ 2987146ms] [WARNING] <meta name="apple-mobile-web-app-capable" content="yes"> is deprecated. Please include <meta name="mobile-web-app-capable" content="yes"> @ https://x.yupoo.com/photos/zws767978887/albums/189663042?uid=1&isSubCate=false&referrercate=3382375&tab=nor:0
[ 2993528ms] [WARNING] <meta name="apple-mobile-web-app-capable" content="yes"> is deprecated. Please include <meta name="mobile-web-app-capable" content="yes"> @ https://x.yupoo.com/photos/zws767978887/albums/189663052?uid=1&isSubCate=false&referrercate=3382375&tab=nor:0
[ 2994137ms] [WARNING] Error while trying to use the following icon from the Manifest: https://x.yupoo.com/public/icons/logo@192.png (Download error or resource isn't a valid image) @ https://x.yupoo.com/photos/zws767978887/albums/189663063?uid=1&isSubCate=false&referrercate=3382375&tab=nor:0
[ 2994425ms] [WARNING] <meta name="apple-mobile-web-app-capable" content="yes"> is deprecated. Please include <meta name="mobile-web-app-capable" content="yes"> @ https://x.yupoo.com/photos/zws767978887/albums/189663063?uid=1&isSubCate=false&referrercate=3382375&tab=nor:0
[ 2997086ms] [WARNING] <meta name="apple-mobile-web-app-capable" content="yes"> is deprecated. Please include <meta name="mobile-web-app-capable" content="yes"> @ https://x.yupoo.com/photos/zws767978887/albums/189663072?uid=1&isSubCate=false&referrercate=3382375&tab=nor:0
[ 2997160ms] [WARNING] Error while trying to use the following icon from the Manifest: https://x.yupoo.com/public/icons/logo@192.png (Download error or resource isn't a valid image) @ https://x.yupoo.com/photos/zws767978887/albums/189663102?uid=1&isSubCate=false&referrercate=3382375&tab=nor:0
[ 2999938ms] [WARNING] <meta name="apple-mobile-web-app-capable" content="yes"> is deprecated. Please include <meta name="mobile-web-app-capable" content="yes"> @ https://x.yupoo.com/photos/zws767978887/albums/189663195?uid=1&isSubCate=false&referrercate=3382375&tab=nor:0
[ 3024506ms] [WARNING] <meta name="apple-mobile-web-app-capable" content="yes"> is deprecated. Please include <meta name="mobile-web-app-capable" content="yes"> @ https://x.yupoo.com/photos/zws767978887/71158891?uid=1:0
[ 3027074ms] [WARNING] <meta name="apple-mobile-web-app-capable" content="yes"> is deprecated. Please include <meta name="mobile-web-app-capable" content="yes"> @ https://x.yupoo.com/photos/zws767978887/albums/189663195?uid=1:0
[ 3041568ms] [WARNING] <meta name="apple-mobile-web-app-capable" content="yes"> is deprecated. Please include <meta name="mobile-web-app-capable" content="yes"> @ https://x.yupoo.com/photos/zws767978887/categories/3382375:0
